#
# There is insufficient memory for the Java Runtime Environment to continue.
# Native memory allocation (mmap) failed to map 134217728 bytes for G1 virtual space
# Possible reasons:
#   The system is out of physical RAM or swap space
#   The process is running with CompressedOops enabled, and the Java Heap may be blocking the growth of the native heap
# Possible solutions:
#   Reduce memory load on the system
#   Increase physical memory or swap space
#   Check if swap backing store is full
#   Decrease Java heap size (-Xmx/-Xms)
#   Decrease number of Java threads
#   Decrease Java thread stack sizes (-Xss)
#   Set larger code cache with -XX:ReservedCodeCacheSize=
#   JVM is running with Unscaled Compressed Oops mode in which the Java heap is
#     placed in the first 4GB address space. The Java Heap base address is the
#     maximum limit for the native heap growth. Please use -XX:HeapBaseMinAddress
#     to set the Java Heap base and to place the Java Heap above 4GB virtual address.
# This output file may be truncated or incomplete.
#
#  Out of Memory Error (os_windows.cpp:3600), pid=16456, tid=6372
#
# JRE version:  (21.0.1+12) (build )
# Java VM: Java HotSpot(TM) 64-Bit Server VM (21.0.1+12-LTS-29, mixed mode, sharing, tiered, compressed oops, compressed class ptrs, g1 gc, windows-amd64)
# No core dump will be written. Minidumps are not enabled by default on client versions of Windows
#

---------------  S U M M A R Y ------------

Command Line: -XX:+ShowCodeDetailsInExceptionMessages graph6

Host: Intel(R) Core(TM) i5-8265U CPU @ 1.60GHz, 8 cores, 7G,  Windows 11 , 64 bit Build 22621 (10.0.22621.3527)
Time: Sat May 25 23:16:51 2024 India Standard Time elapsed time: 0.050176 seconds (0d 0h 0m 0s)

---------------  T H R E A D  ---------------

Current thread (0x00000230fe81abf0):  JavaThread "Unknown thread" [_thread_in_vm, id=6372, stack(0x000000af79200000,0x000000af79300000) (1024K)]

Stack: [0x000000af79200000,0x000000af79300000]
Native frames: (J=compiled Java code, j=interpreted, Vv=VM code, C=native code)
V  [jvm.dll+0x6c9029]
V  [jvm.dll+0x854b81]
V  [jvm.dll+0x856e5e]
V  [jvm.dll+0x857543]
V  [jvm.dll+0x280c06]
V  [jvm.dll+0x6c5715]
V  [jvm.dll+0x6ba10a]
V  [jvm.dll+0x3557ea]
V  [jvm.dll+0x35d436]
V  [jvm.dll+0x3ae1be]
V  [jvm.dll+0x3ae468]
V  [jvm.dll+0x3291fc]
V  [jvm.dll+0x329d8b]
V  [jvm.dll+0x81d179]
V  [jvm.dll+0x3bb4f1]
V  [jvm.dll+0x805ae8]
V  [jvm.dll+0x44effe]
V  [jvm.dll+0x450901]
C  [jli.dll+0x52a3]
C  [ucrtbase.dll+0x29333]
C  [KERNEL32.DLL+0x1257d]
C  [ntdll.dll+0x5aa48]


---------------  P R O C E S S  ---------------

Threads class SMR info:
_java_thread_list=0x00007ff9a65a9b88, length=0, elements={
}

Java Threads: ( => current thread )
Total: 0

Other Threads:
  0x00000230ff61c2f0 WorkerThread "GC Thread#0"                     [id=12352, stack(0x000000af79300000,0x000000af79400000) (1024K)]
  0x00000230ff62d100 ConcurrentGCThread "G1 Main Marker"            [id=12880, stack(0x000000af79400000,0x000000af79500000) (1024K)]
  0x00000230ff62e3a0 WorkerThread "G1 Conc#0"                       [id=12544, stack(0x000000af79500000,0x000000af79600000) (1024K)]

[error occurred during error reporting (printing all threads), id 0xc0000005, EXCEPTION_ACCESS_VIOLATION (0xc0000005) at pc=0x00007ff9a5d1c2c7]
VM state: not at safepoint (not fully initialized)

VM Mutex/Monitor currently owned by a thread:  ([mutex/lock_event])
[0x00007ff9a661a6f8] Heap_lock - owner thread: 0x00000230fe81abf0

Heap address: 0x0000000081c00000, size: 2020 MB, Compressed Oops mode: 32-bit

CDS archive(s) mapped at: [0x0000000000000000-0x0000000000000000-0x0000000000000000), size 0, SharedBaseAddress: 0x0000000800000000, ArchiveRelocationMode: 1.
Narrow klass base: 0x0000000000000000, Narrow klass shift: 0, Narrow klass range: 0x0

GC Precious Log:
 CardTable entry size: 512
 Card Set container configuration: InlinePtr #cards 5 size 8 Array Of Cards #cards 12 size 40 Howl #buckets 4 coarsen threshold 1843 Howl Bitmap #cards 512 size 80 coarsen threshold 460 Card regions per heap region 1 cards per card region 2048

Heap:
 garbage-first heap   total 0K, used 0K [0x0000000081c00000, 0x0000000100000000)
  region size 1024K, 0 young (0K), 0 survivors (0K)

[error occurred during error reporting (printing heap information), id 0xc0000005, EXCEPTION_ACCESS_VIOLATION (0xc0000005) at pc=0x00007ff9a6101be9]
GC Heap History (0 events):
No events

Dll operation events (1 events):
Event: 0.031 Loaded shared library C:\Program Files\Java\jdk-21\bin\java.dll

Deoptimization events (0 events):
No events

Classes loaded (0 events):
No events

Classes unloaded (0 events):
No events

Classes redefined (0 events):
No events

Internal exceptions (0 events):
No events

ZGC Phase Switch (0 events):
No events

VM Operations (0 events):
No events

Events (0 events):
No events


Dynamic libraries:
0x00007ff623400000 - 0x00007ff623410000 	C:\Program Files\Java\jdk-21\bin\java.exe
0x00007ffa0bff0000 - 0x00007ffa0c207000 	C:\WINDOWS\SYSTEM32\ntdll.dll
0x00007ffa0b830000 - 0x00007ffa0b8f4000 	C:\WINDOWS\System32\KERNEL32.DLL
0x00007ffa096c0000 - 0x00007ffa09a67000 	C:\WINDOWS\System32\KERNELBASE.dll
0x00007ffa09460000 - 0x00007ffa09571000 	C:\WINDOWS\System32\ucrtbase.dll
0x00007ff9fa530000 - 0x00007ff9fa549000 	C:\Program Files\Java\jdk-21\bin\jli.dll
0x00007ff9f9ec0000 - 0x00007ff9f9edb000 	C:\Program Files\Java\jdk-21\bin\VCRUNTIME140.dll
0x00007ffa0adf0000 - 0x00007ffa0aea2000 	C:\WINDOWS\System32\ADVAPI32.dll
0x00007ffa0aac0000 - 0x00007ffa0ab67000 	C:\WINDOWS\System32\msvcrt.dll
0x00007ffa0bc80000 - 0x00007ffa0bd28000 	C:\WINDOWS\System32\sechost.dll
0x00007ffa09310000 - 0x00007ffa09338000 	C:\WINDOWS\System32\bcrypt.dll
0x00007ffa0b9b0000 - 0x00007ffa0bac5000 	C:\WINDOWS\System32\RPCRT4.dll
0x00007ff9f15b0000 - 0x00007ff9f1843000 	C:\WINDOWS\WinSxS\amd64_microsoft.windows.common-controls_6595b64144ccf1df_6.0.22621.3527_none_270e469b73872a76\COMCTL32.dll
0x00007ffa0be00000 - 0x00007ffa0bfae000 	C:\WINDOWS\System32\USER32.dll
0x00007ffa0a8d0000 - 0x00007ffa0a8f9000 	C:\WINDOWS\System32\GDI32.dll
0x00007ffa095f0000 - 0x00007ffa09616000 	C:\WINDOWS\System32\win32u.dll
0x00007ffa09340000 - 0x00007ffa09459000 	C:\WINDOWS\System32\gdi32full.dll
0x00007ffa09620000 - 0x00007ffa096ba000 	C:\WINDOWS\System32\msvcp_win.dll
0x00007ff9fdd20000 - 0x00007ff9fdd2a000 	C:\WINDOWS\SYSTEM32\VERSION.dll
0x00007ffa0ad20000 - 0x00007ffa0ad51000 	C:\WINDOWS\System32\IMM32.DLL
0x00007ffa03010000 - 0x00007ffa0301c000 	C:\Program Files\Java\jdk-21\bin\vcruntime140_1.dll
0x00007ff9f80e0000 - 0x00007ff9f816e000 	C:\Program Files\Java\jdk-21\bin\msvcp140.dll
0x00007ff9a59e0000 - 0x00007ff9a66f5000 	C:\Program Files\Java\jdk-21\bin\server\jvm.dll
0x00007ffa0bb90000 - 0x00007ffa0bc01000 	C:\WINDOWS\System32\WS2_32.dll
0x00007ffa08190000 - 0x00007ffa081dd000 	C:\WINDOWS\SYSTEM32\POWRPROF.dll
0x00007ffa01920000 - 0x00007ffa01954000 	C:\WINDOWS\SYSTEM32\WINMM.dll
0x00007ffa08170000 - 0x00007ffa08183000 	C:\WINDOWS\SYSTEM32\UMPDC.dll
0x00007ffa08420000 - 0x00007ffa08438000 	C:\WINDOWS\SYSTEM32\kernel.appcore.dll
0x00007ffa02b60000 - 0x00007ffa02b6a000 	C:\Program Files\Java\jdk-21\bin\jimage.dll
0x00007ffa06c80000 - 0x00007ffa06eb2000 	C:\WINDOWS\SYSTEM32\DBGHELP.DLL
0x00007ffa0aeb0000 - 0x00007ffa0b238000 	C:\WINDOWS\System32\combase.dll
0x00007ffa09d30000 - 0x00007ffa09e07000 	C:\WINDOWS\System32\OLEAUT32.dll
0x00007ff9ebf90000 - 0x00007ff9ebfc2000 	C:\WINDOWS\SYSTEM32\dbgcore.DLL
0x00007ffa09b30000 - 0x00007ffa09ba9000 	C:\WINDOWS\System32\bcryptPrimitives.dll
0x00007ff9f97e0000 - 0x00007ff9f97ff000 	C:\Program Files\Java\jdk-21\bin\java.dll

dbghelp: loaded successfully - version: 4.0.5 - missing functions: none
symbol engine: initialized successfully - sym options: 0x614 - pdb path: .;C:\Program Files\Java\jdk-21\bin;C:\WINDOWS\SYSTEM32;C:\WINDOWS\WinSxS\amd64_microsoft.windows.common-controls_6595b64144ccf1df_6.0.22621.3527_none_270e469b73872a76;C:\Program Files\Java\jdk-21\bin\server

VM Arguments:
jvm_args: -XX:+ShowCodeDetailsInExceptionMessages 
java_command: graph6
java_class_path (initial): C:\Users\palak\AppData\Roaming\Code\User\workspaceStorage\44b5110d76bed7446322fa2da810fe6c\redhat.java\jdt_ws\DSA-with-Java_8f973ad8\bin
Launcher Type: SUN_STANDARD

[Global flags]
     intx CICompilerCount                          = 4                                         {product} {ergonomic}
     uint ConcGCThreads                            = 2                                         {product} {ergonomic}
     uint G1ConcRefinementThreads                  = 8                                         {product} {ergonomic}
   size_t G1HeapRegionSize                         = 1048576                                   {product} {ergonomic}
    uintx GCDrainStackTargetSize                   = 64                                        {product} {ergonomic}
   size_t InitialHeapSize                          = 134217728                                 {product} {ergonomic}
   size_t MarkStackSize                            = 4194304                                   {product} {ergonomic}
   size_t MaxHeapSize                              = 2118123520                                {product} {ergonomic}
   size_t MinHeapDeltaBytes                        = 1048576                                   {product} {ergonomic}
   size_t MinHeapSize                              = 8388608                                   {product} {ergonomic}
    uintx NonNMethodCodeHeapSize                   = 5839372                                {pd product} {ergonomic}
    uintx NonProfiledCodeHeapSize                  = 122909434                              {pd product} {ergonomic}
    uintx ProfiledCodeHeapSize                     = 122909434                              {pd product} {ergonomic}
    uintx ReservedCodeCacheSize                    = 251658240                              {pd product} {ergonomic}
     bool SegmentedCodeCache                       = true                                      {product} {ergonomic}
     bool ShowCodeDetailsInExceptionMessages       = true                                   {manageable} {command line}
   size_t SoftMaxHeapSize                          = 2118123520                             {manageable} {ergonomic}
     bool UseCompressedOops                        = true                           {product lp64_product} {ergonomic}
     bool UseG1GC                                  = true                                      {product} {ergonomic}
     bool UseLargePagesIndividualAllocation        = false                                  {pd product} {ergonomic}

Logging:
Log output configuration:
 #0: stdout all=warning uptime,level,tags foldmultilines=false
 #1: stderr all=off uptime,level,tags foldmultilines=false

Environment Variables:
PATH=C:\Program Files\Common Files\Oracle\Java\javapath;C:\Program Files (x86)\VMware\VMware Player\bin\;C:\WINDOWS\system32;C:\WINDOWS;C:\WINDOWS\System32\Wbem;C:\WINDOWS\System32\WindowsPowerShell\v1.0\;C:\WINDOWS\System32\OpenSSH\;C:\Program Files\Java\jdk-21\bin;C:\Program Files\Git\cmd;C:\Users\palak\AppData\Local\Programs\Python\Python311\Scripts\;C:\Users\palak\AppData\Local\Programs\Python\Python311\;C:\Users\palak\AppData\Local\Programs\Python\Python310\Scripts\;C:\Users\palak\AppData\Local\Programs\Python\Python310\;C:\Users\palak\AppData\Local\Microsoft\WindowsApps;C:\msys64\mingw64\bin;C:\Users\palak\AppData\Local\Programs\Microsoft VS Code\bin;C:\Users\palak\AppData\Local\JetBrains\IntelliJ IDEA Community Edition 2023.3.2\bin;;C:\Program Files\Java\jdk-22\bin;
USERNAME=palak
LANG=en_US.UTF-8
OS=Windows_NT
PROCESSOR_IDENTIFIER=Intel64 Family 6 Model 142 Stepping 12, GenuineIntel
TMP=C:\Users\palak\AppData\Local\Temp
TEMP=C:\Users\palak\AppData\Local\Temp




Periodic native trim disabled

---------------  S Y S T E M  ---------------

OS:
 Windows 11 , 64 bit Build 22621 (10.0.22621.3527)
OS uptime: 2 days 1:06 hours

CPU: total 8 (initial active 8) (4 cores per cpu, 2 threads per core) family 6 model 142 stepping 12 microcode 0xde, cx8, cmov, fxsr, ht, mmx, 3dnowpref, sse, sse2, sse3, ssse3, sse4.1, sse4.2, popcnt, lzcnt, tsc, tscinvbit, avx, avx2, aes, erms, clmul, bmi1, bmi2, adx, fma, vzeroupper, clflush, clflushopt, rdtscp, f16c
Processor Information for all 8 processors :
  Max Mhz: 1800, Current Mhz: 1600, Mhz Limit: 1584

Memory: 4k page, system-wide physical 8078M (356M free)
TotalPageFile size 23251M (AvailPageFile size 30M)
current process WorkingSet (physical memory assigned to process): 11M, peak: 11M
current process commit charge ("private bytes"): 60M, peak: 188M

vm_info: Java HotSpot(TM) 64-Bit Server VM (21.0.1+12-LTS-29) for windows-amd64 JRE (21.0.1+12-LTS-29), built on 2023-10-05T13:27:09Z by "mach5one" with MS VC++ 17.1 (VS2022)

END.
